[2023-06-11T21:37:34.182423+00:00] installer.INFO: Matched route "{route}". {"route":"installer_home","route_parameters":{"_controller":"OrangeHRM\\Installer\\Controller\\HomeController::handle","_route":"installer_home"},"request_uri":"http://orangehrm.01.grupodelmutti.com.br/installer/index.php/","method":"GET"} []
[2023-06-11T21:37:34.342901+00:00] installer.INFO: Matched route "{route}". {"route":"installer_welcome","route_parameters":{"_controller":"OrangeHRM\\Installer\\Controller\\WelcomeController::handle","_route":"installer_welcome"},"request_uri":"http://orangehrm.01.grupodelmutti.com.br/installer/index.php/welcome","method":"GET"} []
[2023-06-11T21:37:38.999128+00:00] installer.INFO: Matched route "{route}". {"route":"installer_licence_acceptance","route_parameters":{"_controller":"OrangeHRM\\Installer\\Controller\\Installer\\LicenceAcceptanceController::handle","_route":"installer_licence_acceptance"},"request_uri":"http://orangehrm.01.grupodelmutti.com.br/installer/index.php/installer/licence-acceptance","method":"GET"} []
[2023-06-11T21:37:42.270164+00:00] installer.INFO: Matched route "{route}". {"route":"installer_database_config","route_parameters":{"_controller":"OrangeHRM\\Installer\\Controller\\Installer\\DatabaseConfigController::handle","_route":"installer_database_config"},"request_uri":"http://orangehrm.01.grupodelmutti.com.br/installer/index.php/installer/database-config","method":"GET"} []
[2023-06-11T21:37:42.446287+00:00] installer.INFO: Matched route "{route}". {"route":"api_installer_database_config","route_parameters":{"_controller":"OrangeHRM\\Installer\\Controller\\Installer\\Api\\DatabaseConfigAPI::handle","_route":"api_installer_database_config"},"request_uri":"http://orangehrm.01.grupodelmutti.com.br/installer/index.php/installer/api/database-config","method":"GET"} []
[2023-06-11T21:38:24.406632+00:00] installer.INFO: Matched route "{route}". {"route":"api_installer_database_config","route_parameters":{"_controller":"OrangeHRM\\Installer\\Controller\\Installer\\Api\\DatabaseConfigAPI::handle","_route":"api_installer_database_config"},"request_uri":"http://orangehrm.01.grupodelmutti.com.br/installer/index.php/installer/api/database-config","method":"POST"} []
[2023-06-11T21:38:24.455274+00:00] installer.INFO: Instance details: {"os":{"os":"Linux","release_name":"5.15.0-46-generic","version_info":"#49-Ubuntu SMP Thu Aug 4 18:03:25 UTC 2022"},"php":{"version":"8.1.18"},"mysql":{"client_version":"mysqlnd 8.1.18","server_version":"10.11.3-MariaDB-1:10.11.3+maria~ubu2204","conn_type":"mysql.db.grupodelmutti.com.br via TCP\/IP"},"server":"Apache\/2.4.56 (Debian)","ohrm":{"version":"5.4"}} [] []
[2023-06-11T21:38:24.616271+00:00] installer.INFO: Matched route "{route}". {"route":"installer_system_check","route_parameters":{"_controller":"OrangeHRM\\Installer\\Controller\\Installer\\SystemCheckController::handle","_route":"installer_system_check"},"request_uri":"http://orangehrm.01.grupodelmutti.com.br/installer/index.php/installer/system-check","method":"GET"} []
[2023-06-11T21:38:24.834420+00:00] installer.INFO: Matched route "{route}". {"route":"api_installer_system_check","route_parameters":{"_controller":"OrangeHRM\\Installer\\Controller\\Installer\\Api\\SystemCheckAPI::handle","_route":"api_installer_system_check"},"request_uri":"http://orangehrm.01.grupodelmutti.com.br/installer/index.php/installer/api/system-check","method":"GET"} []
[2023-06-11T21:38:28.707996+00:00] installer.INFO: Matched route "{route}". {"route":"installer_instance_creation","route_parameters":{"_controller":"OrangeHRM\\Installer\\Controller\\Installer\\InstanceCreationController::handle","_route":"installer_instance_creation"},"request_uri":"http://orangehrm.01.grupodelmutti.com.br/installer/index.php/installer/instance-creation","method":"GET"} []
[2023-06-11T21:38:28.902645+00:00] installer.INFO: Matched route "{route}". {"route":"api_installer_countries","route_parameters":{"_controller":"OrangeHRM\\Installer\\Controller\\Installer\\Api\\CountryAPI::handle","_route":"api_installer_countries"},"request_uri":"http://orangehrm.01.grupodelmutti.com.br/installer/index.php/installer/api/countries","method":"GET"} []
[2023-06-11T21:38:29.061727+00:00] installer.INFO: Matched route "{route}". {"route":"api_installer_languages","route_parameters":{"_controller":"OrangeHRM\\Installer\\Controller\\Installer\\Api\\LanguageAPI::handle","_route":"api_installer_languages"},"request_uri":"http://orangehrm.01.grupodelmutti.com.br/installer/index.php/installer/api/languages","method":"GET"} []
[2023-06-11T21:38:29.210870+00:00] installer.INFO: Matched route "{route}". {"route":"api_installer_timezones","route_parameters":{"_controller":"OrangeHRM\\Installer\\Controller\\Installer\\Api\\TimezoneAPI::handle","_route":"api_installer_timezones"},"request_uri":"http://orangehrm.01.grupodelmutti.com.br/installer/index.php/installer/api/timezones","method":"GET"} []
[2023-06-11T21:38:29.500200+00:00] installer.INFO: Matched route "{route}". {"route":"api_installer_instance","route_parameters":{"_controller":"OrangeHRM\\Installer\\Controller\\Installer\\Api\\InstanceAPI::handle","_route":"api_installer_instance"},"request_uri":"http://orangehrm.01.grupodelmutti.com.br/installer/index.php/installer/api/instance","method":"GET"} []
[2023-06-11T21:39:08.281133+00:00] installer.INFO: Matched route "{route}". {"route":"api_installer_instance","route_parameters":{"_controller":"OrangeHRM\\Installer\\Controller\\Installer\\Api\\InstanceAPI::handle","_route":"api_installer_instance"},"request_uri":"http://orangehrm.01.grupodelmutti.com.br/installer/index.php/installer/api/instance","method":"POST"} []
[2023-06-11T21:39:08.451860+00:00] installer.INFO: Matched route "{route}". {"route":"installer_admin_user_creation","route_parameters":{"_controller":"OrangeHRM\\Installer\\Controller\\Installer\\AdminUserCreationController::handle","_route":"installer_admin_user_creation"},"request_uri":"http://orangehrm.01.grupodelmutti.com.br/installer/index.php/installer/admin-user-creation","method":"GET"} []
[2023-06-11T21:39:08.633518+00:00] installer.INFO: Matched route "{route}". {"route":"api_installer_admin_user","route_parameters":{"_controller":"OrangeHRM\\Installer\\Controller\\Installer\\Api\\AdminUserAPI::handle","_route":"api_installer_admin_user"},"request_uri":"http://orangehrm.01.grupodelmutti.com.br/installer/index.php/installer/api/admin-user","method":"GET"} []
[2023-06-11T21:39:39.981085+00:00] installer.INFO: Matched route "{route}". {"route":"api_installer_admin_user","route_parameters":{"_controller":"OrangeHRM\\Installer\\Controller\\Installer\\Api\\AdminUserAPI::handle","_route":"api_installer_admin_user"},"request_uri":"http://orangehrm.01.grupodelmutti.com.br/installer/index.php/installer/api/admin-user","method":"POST"} []
[2023-06-11T21:39:40.136460+00:00] installer.INFO: Matched route "{route}". {"route":"installer_confirmation","route_parameters":{"_controller":"OrangeHRM\\Installer\\Controller\\Installer\\ConfirmationController::handle","_route":"installer_confirmation"},"request_uri":"http://orangehrm.01.grupodelmutti.com.br/installer/index.php/installer/confirmation","method":"GET"} []
[2023-06-11T21:39:40.315730+00:00] installer.INFO: Matched route "{route}". {"route":"api_installer_database_config","route_parameters":{"_controller":"OrangeHRM\\Installer\\Controller\\Installer\\Api\\DatabaseConfigAPI::handle","_route":"api_installer_database_config"},"request_uri":"http://orangehrm.01.grupodelmutti.com.br/installer/index.php/installer/api/database-config","method":"GET"} []
[2023-06-11T21:39:40.464544+00:00] installer.INFO: Matched route "{route}". {"route":"api_installer_admin_user","route_parameters":{"_controller":"OrangeHRM\\Installer\\Controller\\Installer\\Api\\AdminUserAPI::handle","_route":"api_installer_admin_user"},"request_uri":"http://orangehrm.01.grupodelmutti.com.br/installer/index.php/installer/api/admin-user","method":"GET"} []
[2023-06-11T21:39:44.625421+00:00] installer.INFO: Matched route "{route}". {"route":"installer_process","route_parameters":{"_controller":"OrangeHRM\\Installer\\Controller\\Installer\\InstallerController::handle","_route":"installer_process"},"request_uri":"http://orangehrm.01.grupodelmutti.com.br/installer/index.php/installer/process","method":"GET"} []
[2023-06-11T21:39:44.812726+00:00] installer.INFO: Matched route "{route}". {"route":"api_installer_start_registration","route_parameters":{"_controller":"OrangeHRM\\Installer\\Controller\\Installer\\Api\\InstallerDataRegistrationAPI::handle","_route":"api_installer_start_registration"},"request_uri":"http://orangehrm.01.grupodelmutti.com.br/installer/index.php/installer/api/send-data/installer-start","method":"POST"} []
[2023-06-11T21:39:45.294819+00:00] installer.INFO: Matched route "{route}". {"route":"api_installer_database","route_parameters":{"_controller":"OrangeHRM\\Installer\\Controller\\Installer\\Api\\InstallationDatabaseAPI::handle","_route":"api_installer_database"},"request_uri":"http://orangehrm.01.grupodelmutti.com.br/installer/index.php/installer/api/installation/database","method":"POST"} []
[2023-06-11T21:39:45.303848+00:00] installer.INFO: Instance details: {"os":{"os":"Linux","release_name":"5.15.0-46-generic","version_info":"#49-Ubuntu SMP Thu Aug 4 18:03:25 UTC 2022"},"php":{"version":"8.1.18"},"mysql":{"client_version":"mysqlnd 8.1.18","server_version":"10.11.3-MariaDB-1:10.11.3+maria~ubu2204","conn_type":"mysql.db.grupodelmutti.com.br via TCP\/IP"},"server":"Apache\/2.4.56 (Debian)","ohrm":{"version":"5.4"}} [] []
[2023-06-11T21:39:45.452077+00:00] installer.INFO: Matched route "{route}". {"route":"api_installer_pre_migration_check","route_parameters":{"_controller":"OrangeHRM\\Installer\\Controller\\Installer\\Api\\PreMigrationCheck::handle","_route":"api_installer_pre_migration_check"},"request_uri":"http://orangehrm.01.grupodelmutti.com.br/installer/index.php/installer/api/installation/pre-migration","method":"POST"} []
[2023-06-11T21:39:45.473021+00:00] installer.INFO: Instance details: {"os":{"os":"Linux","release_name":"5.15.0-46-generic","version_info":"#49-Ubuntu SMP Thu Aug 4 18:03:25 UTC 2022"},"php":{"version":"8.1.18"},"mysql":{"client_version":"mysqlnd 8.1.18","server_version":"10.11.3-MariaDB-1:10.11.3+maria~ubu2204","conn_type":"mysql.db.grupodelmutti.com.br via TCP\/IP"},"server":"Apache\/2.4.56 (Debian)","ohrm":{"version":"5.4"}} [] []
[2023-06-11T21:39:45.850150+00:00] installer.INFO: Matched route "{route}". {"route":"api_installer_versions","route_parameters":{"_controller":"OrangeHRM\\Installer\\Controller\\Installer\\Api\\VersionAPI::handle","_route":"api_installer_versions"},"request_uri":"http://orangehrm.01.grupodelmutti.com.br/installer/index.php/installer/api/versions?excludeLatest=false","method":"GET"} []
[2023-06-11T21:39:46.001377+00:00] installer.INFO: Matched route "{route}". {"route":"api_installer_migration","route_parameters":{"_controller":"OrangeHRM\\Installer\\Controller\\Installer\\Api\\MigrationAPI::handle","_route":"api_installer_migration"},"request_uri":"http://orangehrm.01.grupodelmutti.com.br/installer/index.php/installer/api/installation/migration","method":"POST"} []
[2023-06-11T21:39:46.002290+00:00] installer.INFO: {"version":"3.3.3"} [] []
[2023-06-11T21:39:46.033627+00:00] installer.INFO: Instance details: {"os":{"os":"Linux","release_name":"5.15.0-46-generic","version_info":"#49-Ubuntu SMP Thu Aug 4 18:03:25 UTC 2022"},"php":{"version":"8.1.18"},"mysql":{"client_version":"mysqlnd 8.1.18","server_version":"10.11.3-MariaDB-1:10.11.3+maria~ubu2204","conn_type":"mysql.db.grupodelmutti.com.br via TCP\/IP"},"server":"Apache\/2.4.56 (Debian)","ohrm":{"version":"5.4"}} [] []
[2023-06-11T21:39:51.457514+00:00] installer.INFO: Matched route "{route}". {"route":"api_installer_migration","route_parameters":{"_controller":"OrangeHRM\\Installer\\Controller\\Installer\\Api\\MigrationAPI::handle","_route":"api_installer_migration"},"request_uri":"http://orangehrm.01.grupodelmutti.com.br/installer/index.php/installer/api/installation/migration","method":"POST"} []
[2023-06-11T21:39:51.458060+00:00] installer.INFO: {"version":"4.0"} [] []
[2023-06-11T21:39:51.468125+00:00] installer.INFO: Instance details: {"os":{"os":"Linux","release_name":"5.15.0-46-generic","version_info":"#49-Ubuntu SMP Thu Aug 4 18:03:25 UTC 2022"},"php":{"version":"8.1.18"},"mysql":{"client_version":"mysqlnd 8.1.18","server_version":"10.11.3-MariaDB-1:10.11.3+maria~ubu2204","conn_type":"mysql.db.grupodelmutti.com.br via TCP\/IP"},"server":"Apache\/2.4.56 (Debian)","ohrm":{"version":"5.4"}} [] []
[2023-06-11T21:39:51.658101+00:00] installer.INFO: Matched route "{route}". {"route":"api_installer_migration","route_parameters":{"_controller":"OrangeHRM\\Installer\\Controller\\Installer\\Api\\MigrationAPI::handle","_route":"api_installer_migration"},"request_uri":"http://orangehrm.01.grupodelmutti.com.br/installer/index.php/installer/api/installation/migration","method":"POST"} []
[2023-06-11T21:39:51.658362+00:00] installer.INFO: {"version":"4.1"} [] []
[2023-06-11T21:39:51.667516+00:00] installer.INFO: Instance details: {"os":{"os":"Linux","release_name":"5.15.0-46-generic","version_info":"#49-Ubuntu SMP Thu Aug 4 18:03:25 UTC 2022"},"php":{"version":"8.1.18"},"mysql":{"client_version":"mysqlnd 8.1.18","server_version":"10.11.3-MariaDB-1:10.11.3+maria~ubu2204","conn_type":"mysql.db.grupodelmutti.com.br via TCP\/IP"},"server":"Apache\/2.4.56 (Debian)","ohrm":{"version":"5.4"}} [] []
[2023-06-11T21:39:51.941131+00:00] installer.INFO: Matched route "{route}". {"route":"api_installer_migration","route_parameters":{"_controller":"OrangeHRM\\Installer\\Controller\\Installer\\Api\\MigrationAPI::handle","_route":"api_installer_migration"},"request_uri":"http://orangehrm.01.grupodelmutti.com.br/installer/index.php/installer/api/installation/migration","method":"POST"} []
[2023-06-11T21:39:51.941413+00:00] installer.INFO: {"version":"4.1.1"} [] []
[2023-06-11T21:39:51.951321+00:00] installer.INFO: Instance details: {"os":{"os":"Linux","release_name":"5.15.0-46-generic","version_info":"#49-Ubuntu SMP Thu Aug 4 18:03:25 UTC 2022"},"php":{"version":"8.1.18"},"mysql":{"client_version":"mysqlnd 8.1.18","server_version":"10.11.3-MariaDB-1:10.11.3+maria~ubu2204","conn_type":"mysql.db.grupodelmutti.com.br via TCP\/IP"},"server":"Apache\/2.4.56 (Debian)","ohrm":{"version":"5.4"}} [] []
[2023-06-11T21:39:52.243492+00:00] installer.INFO: Matched route "{route}". {"route":"api_installer_migration","route_parameters":{"_controller":"OrangeHRM\\Installer\\Controller\\Installer\\Api\\MigrationAPI::handle","_route":"api_installer_migration"},"request_uri":"http://orangehrm.01.grupodelmutti.com.br/installer/index.php/installer/api/installation/migration","method":"POST"} []
[2023-06-11T21:39:52.243737+00:00] installer.INFO: {"version":"4.1.2"} [] []
[2023-06-11T21:39:52.252655+00:00] installer.INFO: Instance details: {"os":{"os":"Linux","release_name":"5.15.0-46-generic","version_info":"#49-Ubuntu SMP Thu Aug 4 18:03:25 UTC 2022"},"php":{"version":"8.1.18"},"mysql":{"client_version":"mysqlnd 8.1.18","server_version":"10.11.3-MariaDB-1:10.11.3+maria~ubu2204","conn_type":"mysql.db.grupodelmutti.com.br via TCP\/IP"},"server":"Apache\/2.4.56 (Debian)","ohrm":{"version":"5.4"}} [] []
[2023-06-11T21:39:52.423093+00:00] installer.INFO: Matched route "{route}". {"route":"api_installer_migration","route_parameters":{"_controller":"OrangeHRM\\Installer\\Controller\\Installer\\Api\\MigrationAPI::handle","_route":"api_installer_migration"},"request_uri":"http://orangehrm.01.grupodelmutti.com.br/installer/index.php/installer/api/installation/migration","method":"POST"} []
[2023-06-11T21:39:52.423374+00:00] installer.INFO: {"version":"4.1.2.1"} [] []
[2023-06-11T21:39:52.445532+00:00] installer.INFO: Instance details: {"os":{"os":"Linux","release_name":"5.15.0-46-generic","version_info":"#49-Ubuntu SMP Thu Aug 4 18:03:25 UTC 2022"},"php":{"version":"8.1.18"},"mysql":{"client_version":"mysqlnd 8.1.18","server_version":"10.11.3-MariaDB-1:10.11.3+maria~ubu2204","conn_type":"mysql.db.grupodelmutti.com.br via TCP\/IP"},"server":"Apache\/2.4.56 (Debian)","ohrm":{"version":"5.4"}} [] []
[2023-06-11T21:39:52.619655+00:00] installer.INFO: Matched route "{route}". {"route":"api_installer_migration","route_parameters":{"_controller":"OrangeHRM\\Installer\\Controller\\Installer\\Api\\MigrationAPI::handle","_route":"api_installer_migration"},"request_uri":"http://orangehrm.01.grupodelmutti.com.br/installer/index.php/installer/api/installation/migration","method":"POST"} []
[2023-06-11T21:39:52.619940+00:00] installer.INFO: {"version":"4.2"} [] []
[2023-06-11T21:39:52.629522+00:00] installer.INFO: Instance details: {"os":{"os":"Linux","release_name":"5.15.0-46-generic","version_info":"#49-Ubuntu SMP Thu Aug 4 18:03:25 UTC 2022"},"php":{"version":"8.1.18"},"mysql":{"client_version":"mysqlnd 8.1.18","server_version":"10.11.3-MariaDB-1:10.11.3+maria~ubu2204","conn_type":"mysql.db.grupodelmutti.com.br via TCP\/IP"},"server":"Apache\/2.4.56 (Debian)","ohrm":{"version":"5.4"}} [] []
[2023-06-11T21:39:52.850509+00:00] installer.INFO: Matched route "{route}". {"route":"api_installer_migration","route_parameters":{"_controller":"OrangeHRM\\Installer\\Controller\\Installer\\Api\\MigrationAPI::handle","_route":"api_installer_migration"},"request_uri":"http://orangehrm.01.grupodelmutti.com.br/installer/index.php/installer/api/installation/migration","method":"POST"} []
[2023-06-11T21:39:52.850866+00:00] installer.INFO: {"version":"4.2.0.1"} [] []
[2023-06-11T21:39:52.860434+00:00] installer.INFO: Instance details: {"os":{"os":"Linux","release_name":"5.15.0-46-generic","version_info":"#49-Ubuntu SMP Thu Aug 4 18:03:25 UTC 2022"},"php":{"version":"8.1.18"},"mysql":{"client_version":"mysqlnd 8.1.18","server_version":"10.11.3-MariaDB-1:10.11.3+maria~ubu2204","conn_type":"mysql.db.grupodelmutti.com.br via TCP\/IP"},"server":"Apache\/2.4.56 (Debian)","ohrm":{"version":"5.4"}} [] []
[2023-06-11T21:39:53.032103+00:00] installer.INFO: Matched route "{route}". {"route":"api_installer_migration","route_parameters":{"_controller":"OrangeHRM\\Installer\\Controller\\Installer\\Api\\MigrationAPI::handle","_route":"api_installer_migration"},"request_uri":"http://orangehrm.01.grupodelmutti.com.br/installer/index.php/installer/api/installation/migration","method":"POST"} []
[2023-06-11T21:39:53.032398+00:00] installer.INFO: {"version":"4.3"} [] []
[2023-06-11T21:39:53.041741+00:00] installer.INFO: Instance details: {"os":{"os":"Linux","release_name":"5.15.0-46-generic","version_info":"#49-Ubuntu SMP Thu Aug 4 18:03:25 UTC 2022"},"php":{"version":"8.1.18"},"mysql":{"client_version":"mysqlnd 8.1.18","server_version":"10.11.3-MariaDB-1:10.11.3+maria~ubu2204","conn_type":"mysql.db.grupodelmutti.com.br via TCP\/IP"},"server":"Apache\/2.4.56 (Debian)","ohrm":{"version":"5.4"}} [] []
[2023-06-11T21:39:53.240576+00:00] installer.INFO: Matched route "{route}". {"route":"api_installer_migration","route_parameters":{"_controller":"OrangeHRM\\Installer\\Controller\\Installer\\Api\\MigrationAPI::handle","_route":"api_installer_migration"},"request_uri":"http://orangehrm.01.grupodelmutti.com.br/installer/index.php/installer/api/installation/migration","method":"POST"} []
[2023-06-11T21:39:53.240804+00:00] installer.INFO: {"version":"4.3.1"} [] []
[2023-06-11T21:39:53.249804+00:00] installer.INFO: Instance details: {"os":{"os":"Linux","release_name":"5.15.0-46-generic","version_info":"#49-Ubuntu SMP Thu Aug 4 18:03:25 UTC 2022"},"php":{"version":"8.1.18"},"mysql":{"client_version":"mysqlnd 8.1.18","server_version":"10.11.3-MariaDB-1:10.11.3+maria~ubu2204","conn_type":"mysql.db.grupodelmutti.com.br via TCP\/IP"},"server":"Apache\/2.4.56 (Debian)","ohrm":{"version":"5.4"}} [] []
[2023-06-11T21:39:53.428831+00:00] installer.INFO: Matched route "{route}". {"route":"api_installer_migration","route_parameters":{"_controller":"OrangeHRM\\Installer\\Controller\\Installer\\Api\\MigrationAPI::handle","_route":"api_installer_migration"},"request_uri":"http://orangehrm.01.grupodelmutti.com.br/installer/index.php/installer/api/installation/migration","method":"POST"} []
[2023-06-11T21:39:53.429151+00:00] installer.INFO: {"version":"4.3.2"} [] []
[2023-06-11T21:39:53.438762+00:00] installer.INFO: Instance details: {"os":{"os":"Linux","release_name":"5.15.0-46-generic","version_info":"#49-Ubuntu SMP Thu Aug 4 18:03:25 UTC 2022"},"php":{"version":"8.1.18"},"mysql":{"client_version":"mysqlnd 8.1.18","server_version":"10.11.3-MariaDB-1:10.11.3+maria~ubu2204","conn_type":"mysql.db.grupodelmutti.com.br via TCP\/IP"},"server":"Apache\/2.4.56 (Debian)","ohrm":{"version":"5.4"}} [] []
[2023-06-11T21:39:53.642197+00:00] installer.INFO: Matched route "{route}". {"route":"api_installer_migration","route_parameters":{"_controller":"OrangeHRM\\Installer\\Controller\\Installer\\Api\\MigrationAPI::handle","_route":"api_installer_migration"},"request_uri":"http://orangehrm.01.grupodelmutti.com.br/installer/index.php/installer/api/installation/migration","method":"POST"} []
[2023-06-11T21:39:53.642440+00:00] installer.INFO: {"version":"4.3.3"} [] []
[2023-06-11T21:39:53.651698+00:00] installer.INFO: Instance details: {"os":{"os":"Linux","release_name":"5.15.0-46-generic","version_info":"#49-Ubuntu SMP Thu Aug 4 18:03:25 UTC 2022"},"php":{"version":"8.1.18"},"mysql":{"client_version":"mysqlnd 8.1.18","server_version":"10.11.3-MariaDB-1:10.11.3+maria~ubu2204","conn_type":"mysql.db.grupodelmutti.com.br via TCP\/IP"},"server":"Apache\/2.4.56 (Debian)","ohrm":{"version":"5.4"}} [] []
[2023-06-11T21:39:54.043322+00:00] installer.INFO: Matched route "{route}". {"route":"api_installer_migration","route_parameters":{"_controller":"OrangeHRM\\Installer\\Controller\\Installer\\Api\\MigrationAPI::handle","_route":"api_installer_migration"},"request_uri":"http://orangehrm.01.grupodelmutti.com.br/installer/index.php/installer/api/installation/migration","method":"POST"} []
[2023-06-11T21:39:54.043722+00:00] installer.INFO: {"version":"4.3.4"} [] []
[2023-06-11T21:39:54.052527+00:00] installer.INFO: Instance details: {"os":{"os":"Linux","release_name":"5.15.0-46-generic","version_info":"#49-Ubuntu SMP Thu Aug 4 18:03:25 UTC 2022"},"php":{"version":"8.1.18"},"mysql":{"client_version":"mysqlnd 8.1.18","server_version":"10.11.3-MariaDB-1:10.11.3+maria~ubu2204","conn_type":"mysql.db.grupodelmutti.com.br via TCP\/IP"},"server":"Apache\/2.4.56 (Debian)","ohrm":{"version":"5.4"}} [] []
[2023-06-11T21:39:54.229339+00:00] installer.INFO: Matched route "{route}". {"route":"api_installer_migration","route_parameters":{"_controller":"OrangeHRM\\Installer\\Controller\\Installer\\Api\\MigrationAPI::handle","_route":"api_installer_migration"},"request_uri":"http://orangehrm.01.grupodelmutti.com.br/installer/index.php/installer/api/installation/migration","method":"POST"} []
[2023-06-11T21:39:54.229607+00:00] installer.INFO: {"version":"4.3.5"} [] []
[2023-06-11T21:39:54.239048+00:00] installer.INFO: Instance details: {"os":{"os":"Linux","release_name":"5.15.0-46-generic","version_info":"#49-Ubuntu SMP Thu Aug 4 18:03:25 UTC 2022"},"php":{"version":"8.1.18"},"mysql":{"client_version":"mysqlnd 8.1.18","server_version":"10.11.3-MariaDB-1:10.11.3+maria~ubu2204","conn_type":"mysql.db.grupodelmutti.com.br via TCP\/IP"},"server":"Apache\/2.4.56 (Debian)","ohrm":{"version":"5.4"}} [] []
[2023-06-11T21:39:54.406878+00:00] installer.INFO: Matched route "{route}". {"route":"api_installer_migration","route_parameters":{"_controller":"OrangeHRM\\Installer\\Controller\\Installer\\Api\\MigrationAPI::handle","_route":"api_installer_migration"},"request_uri":"http://orangehrm.01.grupodelmutti.com.br/installer/index.php/installer/api/installation/migration","method":"POST"} []
[2023-06-11T21:39:54.407211+00:00] installer.INFO: {"version":"4.4"} [] []
[2023-06-11T21:39:54.417164+00:00] installer.INFO: Instance details: {"os":{"os":"Linux","release_name":"5.15.0-46-generic","version_info":"#49-Ubuntu SMP Thu Aug 4 18:03:25 UTC 2022"},"php":{"version":"8.1.18"},"mysql":{"client_version":"mysqlnd 8.1.18","server_version":"10.11.3-MariaDB-1:10.11.3+maria~ubu2204","conn_type":"mysql.db.grupodelmutti.com.br via TCP\/IP"},"server":"Apache\/2.4.56 (Debian)","ohrm":{"version":"5.4"}} [] []
[2023-06-11T21:39:55.350010+00:00] installer.INFO: Matched route "{route}". {"route":"api_installer_migration","route_parameters":{"_controller":"OrangeHRM\\Installer\\Controller\\Installer\\Api\\MigrationAPI::handle","_route":"api_installer_migration"},"request_uri":"http://orangehrm.01.grupodelmutti.com.br/installer/index.php/installer/api/installation/migration","method":"POST"} []
[2023-06-11T21:39:55.350386+00:00] installer.INFO: {"version":"4.5"} [] []
[2023-06-11T21:39:55.359857+00:00] installer.INFO: Instance details: {"os":{"os":"Linux","release_name":"5.15.0-46-generic","version_info":"#49-Ubuntu SMP Thu Aug 4 18:03:25 UTC 2022"},"php":{"version":"8.1.18"},"mysql":{"client_version":"mysqlnd 8.1.18","server_version":"10.11.3-MariaDB-1:10.11.3+maria~ubu2204","conn_type":"mysql.db.grupodelmutti.com.br via TCP\/IP"},"server":"Apache\/2.4.56 (Debian)","ohrm":{"version":"5.4"}} [] []
[2023-06-11T21:39:55.559663+00:00] installer.INFO: Matched route "{route}". {"route":"api_installer_migration","route_parameters":{"_controller":"OrangeHRM\\Installer\\Controller\\Installer\\Api\\MigrationAPI::handle","_route":"api_installer_migration"},"request_uri":"http://orangehrm.01.grupodelmutti.com.br/installer/index.php/installer/api/installation/migration","method":"POST"} []
[2023-06-11T21:39:55.559898+00:00] installer.INFO: {"version":"4.6"} [] []
[2023-06-11T21:39:55.569510+00:00] installer.INFO: Instance details: {"os":{"os":"Linux","release_name":"5.15.0-46-generic","version_info":"#49-Ubuntu SMP Thu Aug 4 18:03:25 UTC 2022"},"php":{"version":"8.1.18"},"mysql":{"client_version":"mysqlnd 8.1.18","server_version":"10.11.3-MariaDB-1:10.11.3+maria~ubu2204","conn_type":"mysql.db.grupodelmutti.com.br via TCP\/IP"},"server":"Apache\/2.4.56 (Debian)","ohrm":{"version":"5.4"}} [] []
[2023-06-11T21:39:56.727884+00:00] installer.INFO: Matched route "{route}". {"route":"api_installer_migration","route_parameters":{"_controller":"OrangeHRM\\Installer\\Controller\\Installer\\Api\\MigrationAPI::handle","_route":"api_installer_migration"},"request_uri":"http://orangehrm.01.grupodelmutti.com.br/installer/index.php/installer/api/installation/migration","method":"POST"} []
[2023-06-11T21:39:56.728109+00:00] installer.INFO: {"version":"4.6.0.1"} [] []
[2023-06-11T21:39:56.748169+00:00] installer.INFO: Instance details: {"os":{"os":"Linux","release_name":"5.15.0-46-generic","version_info":"#49-Ubuntu SMP Thu Aug 4 18:03:25 UTC 2022"},"php":{"version":"8.1.18"},"mysql":{"client_version":"mysqlnd 8.1.18","server_version":"10.11.3-MariaDB-1:10.11.3+maria~ubu2204","conn_type":"mysql.db.grupodelmutti.com.br via TCP\/IP"},"server":"Apache\/2.4.56 (Debian)","ohrm":{"version":"5.4"}} [] []
[2023-06-11T21:39:56.916302+00:00] installer.INFO: Matched route "{route}". {"route":"api_installer_migration","route_parameters":{"_controller":"OrangeHRM\\Installer\\Controller\\Installer\\Api\\MigrationAPI::handle","_route":"api_installer_migration"},"request_uri":"http://orangehrm.01.grupodelmutti.com.br/installer/index.php/installer/api/installation/migration","method":"POST"} []
[2023-06-11T21:39:56.916527+00:00] installer.INFO: {"version":"4.7"} [] []
[2023-06-11T21:39:56.924267+00:00] installer.INFO: Instance details: {"os":{"os":"Linux","release_name":"5.15.0-46-generic","version_info":"#49-Ubuntu SMP Thu Aug 4 18:03:25 UTC 2022"},"php":{"version":"8.1.18"},"mysql":{"client_version":"mysqlnd 8.1.18","server_version":"10.11.3-MariaDB-1:10.11.3+maria~ubu2204","conn_type":"mysql.db.grupodelmutti.com.br via TCP\/IP"},"server":"Apache\/2.4.56 (Debian)","ohrm":{"version":"5.4"}} [] []
[2023-06-11T21:39:57.092308+00:00] installer.INFO: Matched route "{route}". {"route":"api_installer_migration","route_parameters":{"_controller":"OrangeHRM\\Installer\\Controller\\Installer\\Api\\MigrationAPI::handle","_route":"api_installer_migration"},"request_uri":"http://orangehrm.01.grupodelmutti.com.br/installer/index.php/installer/api/installation/migration","method":"POST"} []
[2023-06-11T21:39:57.092704+00:00] installer.INFO: {"version":"4.8"} [] []
[2023-06-11T21:39:57.101876+00:00] installer.INFO: Instance details: {"os":{"os":"Linux","release_name":"5.15.0-46-generic","version_info":"#49-Ubuntu SMP Thu Aug 4 18:03:25 UTC 2022"},"php":{"version":"8.1.18"},"mysql":{"client_version":"mysqlnd 8.1.18","server_version":"10.11.3-MariaDB-1:10.11.3+maria~ubu2204","conn_type":"mysql.db.grupodelmutti.com.br via TCP\/IP"},"server":"Apache\/2.4.56 (Debian)","ohrm":{"version":"5.4"}} [] []
[2023-06-11T21:39:57.273050+00:00] installer.INFO: Matched route "{route}". {"route":"api_installer_migration","route_parameters":{"_controller":"OrangeHRM\\Installer\\Controller\\Installer\\Api\\MigrationAPI::handle","_route":"api_installer_migration"},"request_uri":"http://orangehrm.01.grupodelmutti.com.br/installer/index.php/installer/api/installation/migration","method":"POST"} []
[2023-06-11T21:39:57.273361+00:00] installer.INFO: {"version":"4.9"} [] []
[2023-06-11T21:39:57.282041+00:00] installer.INFO: Instance details: {"os":{"os":"Linux","release_name":"5.15.0-46-generic","version_info":"#49-Ubuntu SMP Thu Aug 4 18:03:25 UTC 2022"},"php":{"version":"8.1.18"},"mysql":{"client_version":"mysqlnd 8.1.18","server_version":"10.11.3-MariaDB-1:10.11.3+maria~ubu2204","conn_type":"mysql.db.grupodelmutti.com.br via TCP\/IP"},"server":"Apache\/2.4.56 (Debian)","ohrm":{"version":"5.4"}} [] []
[2023-06-11T21:39:57.507857+00:00] installer.INFO: Matched route "{route}". {"route":"api_installer_migration","route_parameters":{"_controller":"OrangeHRM\\Installer\\Controller\\Installer\\Api\\MigrationAPI::handle","_route":"api_installer_migration"},"request_uri":"http://orangehrm.01.grupodelmutti.com.br/installer/index.php/installer/api/installation/migration","method":"POST"} []
[2023-06-11T21:39:57.508142+00:00] installer.INFO: {"version":"4.10"} [] []
[2023-06-11T21:39:57.517289+00:00] installer.INFO: Instance details: {"os":{"os":"Linux","release_name":"5.15.0-46-generic","version_info":"#49-Ubuntu SMP Thu Aug 4 18:03:25 UTC 2022"},"php":{"version":"8.1.18"},"mysql":{"client_version":"mysqlnd 8.1.18","server_version":"10.11.3-MariaDB-1:10.11.3+maria~ubu2204","conn_type":"mysql.db.grupodelmutti.com.br via TCP\/IP"},"server":"Apache\/2.4.56 (Debian)","ohrm":{"version":"5.4"}} [] []
[2023-06-11T21:39:57.684994+00:00] installer.INFO: Matched route "{route}". {"route":"api_installer_migration","route_parameters":{"_controller":"OrangeHRM\\Installer\\Controller\\Installer\\Api\\MigrationAPI::handle","_route":"api_installer_migration"},"request_uri":"http://orangehrm.01.grupodelmutti.com.br/installer/index.php/installer/api/installation/migration","method":"POST"} []
[2023-06-11T21:39:57.685272+00:00] installer.INFO: {"version":"4.10.1"} [] []
[2023-06-11T21:39:57.694738+00:00] installer.INFO: Instance details: {"os":{"os":"Linux","release_name":"5.15.0-46-generic","version_info":"#49-Ubuntu SMP Thu Aug 4 18:03:25 UTC 2022"},"php":{"version":"8.1.18"},"mysql":{"client_version":"mysqlnd 8.1.18","server_version":"10.11.3-MariaDB-1:10.11.3+maria~ubu2204","conn_type":"mysql.db.grupodelmutti.com.br via TCP\/IP"},"server":"Apache\/2.4.56 (Debian)","ohrm":{"version":"5.4"}} [] []
[2023-06-11T21:39:57.863754+00:00] installer.INFO: Matched route "{route}". {"route":"api_installer_migration","route_parameters":{"_controller":"OrangeHRM\\Installer\\Controller\\Installer\\Api\\MigrationAPI::handle","_route":"api_installer_migration"},"request_uri":"http://orangehrm.01.grupodelmutti.com.br/installer/index.php/installer/api/installation/migration","method":"POST"} []
[2023-06-11T21:39:57.864068+00:00] installer.INFO: {"version":"5.0"} [] []
[2023-06-11T21:39:57.873516+00:00] installer.INFO: Instance details: {"os":{"os":"Linux","release_name":"5.15.0-46-generic","version_info":"#49-Ubuntu SMP Thu Aug 4 18:03:25 UTC 2022"},"php":{"version":"8.1.18"},"mysql":{"client_version":"mysqlnd 8.1.18","server_version":"10.11.3-MariaDB-1:10.11.3+maria~ubu2204","conn_type":"mysql.db.grupodelmutti.com.br via TCP\/IP"},"server":"Apache\/2.4.56 (Debian)","ohrm":{"version":"5.4"}} [] []
[2023-06-11T21:40:46.805814+00:00] installer.INFO: Matched route "{route}". {"route":"api_installer_migration","route_parameters":{"_controller":"OrangeHRM\\Installer\\Controller\\Installer\\Api\\MigrationAPI::handle","_route":"api_installer_migration"},"request_uri":"http://orangehrm.01.grupodelmutti.com.br/installer/index.php/installer/api/installation/migration","method":"POST"} []
[2023-06-11T21:40:46.806302+00:00] installer.INFO: {"version":"5.1"} [] []
[2023-06-11T21:40:46.815854+00:00] installer.INFO: Instance details: {"os":{"os":"Linux","release_name":"5.15.0-46-generic","version_info":"#49-Ubuntu SMP Thu Aug 4 18:03:25 UTC 2022"},"php":{"version":"8.1.18"},"mysql":{"client_version":"mysqlnd 8.1.18","server_version":"10.11.3-MariaDB-1:10.11.3+maria~ubu2204","conn_type":"mysql.db.grupodelmutti.com.br via TCP\/IP"},"server":"Apache\/2.4.56 (Debian)","ohrm":{"version":"5.4"}} [] []
[2023-06-11T21:40:56.631565+00:00] installer.INFO: Matched route "{route}". {"route":"api_installer_migration","route_parameters":{"_controller":"OrangeHRM\\Installer\\Controller\\Installer\\Api\\MigrationAPI::handle","_route":"api_installer_migration"},"request_uri":"http://orangehrm.01.grupodelmutti.com.br/installer/index.php/installer/api/installation/migration","method":"POST"} []
[2023-06-11T21:40:56.631880+00:00] installer.INFO: {"version":"5.2"} [] []
[2023-06-11T21:40:56.641927+00:00] installer.INFO: Instance details: {"os":{"os":"Linux","release_name":"5.15.0-46-generic","version_info":"#49-Ubuntu SMP Thu Aug 4 18:03:25 UTC 2022"},"php":{"version":"8.1.18"},"mysql":{"client_version":"mysqlnd 8.1.18","server_version":"10.11.3-MariaDB-1:10.11.3+maria~ubu2204","conn_type":"mysql.db.grupodelmutti.com.br via TCP\/IP"},"server":"Apache\/2.4.56 (Debian)","ohrm":{"version":"5.4"}} [] []
[2023-06-11T21:40:59.722224+00:00] installer.INFO: Deleting invalid config values [] []
[2023-06-11T21:40:59.759736+00:00] installer.INFO: Deleting: `https://opensourcehelp.orangehrm.com` => `` from `hs_hr_config` [] []
[2023-06-11T21:40:59.773988+00:00] installer.INFO: Deleting: `ZendeskHelpProcessor` => `` from `hs_hr_config` [] []
[2023-06-11T21:40:59.774592+00:00] installer.INFO: Deleting legacy config values [] []
[2023-06-11T21:40:59.788939+00:00] installer.INFO: Deleting: `ldap_domain_name` => `` from `hs_hr_config` [] []
[2023-06-11T21:40:59.806045+00:00] installer.INFO: Deleting: `ldap_port` => `` from `hs_hr_config` [] []
[2023-06-11T21:40:59.878332+00:00] installer.INFO: Deleting: `ldap_server` => `` from `hs_hr_config` [] []
[2023-06-11T21:40:59.893626+00:00] installer.INFO: Deleting: `ldap_status` => `` from `hs_hr_config` [] []
[2023-06-11T21:40:59.908418+00:00] installer.INFO: Deleting: `beacon.activation_acceptance_status` => `off` from `hs_hr_config` [] []
[2023-06-11T21:40:59.964874+00:00] installer.INFO: Deleting: `beacon.activiation_status` => `off` from `hs_hr_config` [] []
[2023-06-11T21:40:59.980428+00:00] installer.INFO: Deleting: `beacon.company_name` => `` from `hs_hr_config` [] []
[2023-06-11T21:40:59.994952+00:00] installer.INFO: Deleting: `beacon.flash_period` => `120` from `hs_hr_config` [] []
[2023-06-11T21:41:00.010116+00:00] installer.INFO: Deleting: `beacon.lock` => `unlocked` from `hs_hr_config` [] []
[2023-06-11T21:41:00.070723+00:00] installer.INFO: Deleting: `beacon.next_flash_time` => `0000-00-00` from `hs_hr_config` [] []
[2023-06-11T21:41:00.086224+00:00] installer.INFO: Deleting: `beacon.uuid` => `0` from `hs_hr_config` [] []
[2023-06-11T21:41:00.100518+00:00] installer.INFO: Deleting: `showSIN` => `0` from `hs_hr_config` [] []
[2023-06-11T21:41:00.163379+00:00] installer.INFO: Deleting: `showSSN` => `0` from `hs_hr_config` [] []
[2023-06-11T21:41:00.178793+00:00] installer.INFO: Deleting: `showTaxExemptions` => `0` from `hs_hr_config` [] []
[2023-06-11T21:41:00.196766+00:00] installer.INFO: Deleting: `report.mysql_group_concat_max_len` => `2048` from `hs_hr_config` [] []
[2023-06-11T21:41:00.258813+00:00] installer.INFO: Deleting: `attendanceEmpEditSubmitted` => `No` from `hs_hr_config` [] []
[2023-06-11T21:41:00.273827+00:00] installer.INFO: Deleting: `attendanceSupEditSubmitted` => `No` from `hs_hr_config` [] []
[2023-06-11T21:41:00.287660+00:00] installer.INFO: Deleting: `hsp_accrued_last_updated` => `0000-00-00` from `hs_hr_config` [] []
[2023-06-11T21:41:00.301700+00:00] installer.INFO: Deleting: `hsp_current_plan` => `0` from `hs_hr_config` [] []
[2023-06-11T21:41:00.358108+00:00] installer.INFO: Deleting: `hsp_used_last_updated` => `0000-00-00` from `hs_hr_config` [] []
[2023-06-11T21:41:00.523764+00:00] installer.INFO: Matched route "{route}". {"route":"api_installer_migration","route_parameters":{"_controller":"OrangeHRM\\Installer\\Controller\\Installer\\Api\\MigrationAPI::handle","_route":"api_installer_migration"},"request_uri":"http://orangehrm.01.grupodelmutti.com.br/installer/index.php/installer/api/installation/migration","method":"POST"} []
[2023-06-11T21:41:00.524045+00:00] installer.INFO: {"version":"5.3"} [] []
[2023-06-11T21:41:00.533396+00:00] installer.INFO: Instance details: {"os":{"os":"Linux","release_name":"5.15.0-46-generic","version_info":"#49-Ubuntu SMP Thu Aug 4 18:03:25 UTC 2022"},"php":{"version":"8.1.18"},"mysql":{"client_version":"mysqlnd 8.1.18","server_version":"10.11.3-MariaDB-1:10.11.3+maria~ubu2204","conn_type":"mysql.db.grupodelmutti.com.br via TCP\/IP"},"server":"Apache\/2.4.56 (Debian)","ohrm":{"version":"5.4"}} [] []
[2023-06-11T21:41:01.058840+00:00] installer.INFO: Server timezone: UTC [] []
[2023-06-11T21:41:01.060358+00:00] installer.INFO: `ohrm_buzz_comment` record count: 0 [] []
[2023-06-11T21:41:01.061759+00:00] installer.INFO: `ohrm_buzz_like_on_comment` record count: 0 [] []
[2023-06-11T21:41:01.062973+00:00] installer.INFO: `ohrm_buzz_like_on_share` record count: 0 [] []
[2023-06-11T21:41:01.064994+00:00] installer.INFO: `ohrm_buzz_post` record count: 0 [] []
[2023-06-11T21:41:01.066951+00:00] installer.INFO: `ohrm_buzz_share` record count: 0 [] []
[2023-06-11T21:41:01.186441+00:00] installer.INFO: `ohrm_buzz_link` record count: 0 [] []
[2023-06-11T21:41:01.188268+00:00] installer.INFO: Deleting legacy Buzz config values [] []
[2023-06-11T21:41:01.206996+00:00] installer.INFO: Deleting: `buzz_comment_text_lenth` => `250` from `hs_hr_config` [] []
[2023-06-11T21:41:01.263271+00:00] installer.INFO: Deleting: `buzz_cookie_valid_time` => `5000` from `hs_hr_config` [] []
[2023-06-11T21:41:01.280900+00:00] installer.INFO: Deleting: `buzz_image_max_dimension` => `1024` from `hs_hr_config` [] []
[2023-06-11T21:41:01.300522+00:00] installer.INFO: Deleting: `buzz_initial_comments` => `2` from `hs_hr_config` [] []
[2023-06-11T21:41:01.316457+00:00] installer.INFO: Deleting: `buzz_like_count` => `5` from `hs_hr_config` [] []
[2023-06-11T21:41:01.371142+00:00] installer.INFO: Deleting: `buzz_max_notification_period` => `-1 week` from `hs_hr_config` [] []
[2023-06-11T21:41:01.390244+00:00] installer.INFO: Deleting: `buzz_most_like_posts` => `5` from `hs_hr_config` [] []
[2023-06-11T21:41:01.405509+00:00] installer.INFO: Deleting: `buzz_most_like_shares` => `5` from `hs_hr_config` [] []
[2023-06-11T21:41:01.467452+00:00] installer.INFO: Deleting: `buzz_post_text_lenth` => `500` from `hs_hr_config` [] []
[2023-06-11T21:41:01.484669+00:00] installer.INFO: Deleting: `buzz_post_text_lines` => `5` from `hs_hr_config` [] []
[2023-06-11T21:41:01.501688+00:00] installer.INFO: Deleting: `buzz_refresh_time` => `60000` from `hs_hr_config` [] []
[2023-06-11T21:41:01.564420+00:00] installer.INFO: Deleting: `buzz_share_count` => `10` from `hs_hr_config` [] []
[2023-06-11T21:41:01.581719+00:00] installer.INFO: Deleting: `buzz_time_format` => `h:i a` from `hs_hr_config` [] []
[2023-06-11T21:41:01.598415+00:00] installer.INFO: Deleting: `buzz_viewmore_comment` => `5` from `hs_hr_config` [] []
[2023-06-11T21:41:01.763539+00:00] installer.INFO: Matched route "{route}". {"route":"api_installer_migration","route_parameters":{"_controller":"OrangeHRM\\Installer\\Controller\\Installer\\Api\\MigrationAPI::handle","_route":"api_installer_migration"},"request_uri":"http://orangehrm.01.grupodelmutti.com.br/installer/index.php/installer/api/installation/migration","method":"POST"} []
[2023-06-11T21:41:01.763928+00:00] installer.INFO: {"version":"5.4"} [] []
[2023-06-11T21:41:01.773622+00:00] installer.INFO: Instance details: {"os":{"os":"Linux","release_name":"5.15.0-46-generic","version_info":"#49-Ubuntu SMP Thu Aug 4 18:03:25 UTC 2022"},"php":{"version":"8.1.18"},"mysql":{"client_version":"mysqlnd 8.1.18","server_version":"10.11.3-MariaDB-1:10.11.3+maria~ubu2204","conn_type":"mysql.db.grupodelmutti.com.br via TCP\/IP"},"server":"Apache\/2.4.56 (Debian)","ohrm":{"version":"5.4"}} [] []
[2023-06-11T21:41:02.167157+00:00] installer.INFO: Deleting: `authentication.default_required_password_strength` => `strong` from `hs_hr_config` [] []
[2023-06-11T21:41:02.205698+00:00] installer.INFO: Deleting: `authentication.enforce_password_strength` => `on` from `hs_hr_config` [] []
[2023-06-11T21:41:02.643243+00:00] installer.INFO: Matched route "{route}". {"route":"api_installer_instance_creation","route_parameters":{"_controller":"OrangeHRM\\Installer\\Controller\\Installer\\Api\\InstallationInstanceAPI::handle","_route":"api_installer_instance_creation"},"request_uri":"http://orangehrm.01.grupodelmutti.com.br/installer/index.php/installer/api/installation/instance","method":"POST"} []
[2023-06-11T21:41:02.652664+00:00] installer.INFO: Instance details: {"os":{"os":"Linux","release_name":"5.15.0-46-generic","version_info":"#49-Ubuntu SMP Thu Aug 4 18:03:25 UTC 2022"},"php":{"version":"8.1.18"},"mysql":{"client_version":"mysqlnd 8.1.18","server_version":"10.11.3-MariaDB-1:10.11.3+maria~ubu2204","conn_type":"mysql.db.grupodelmutti.com.br via TCP\/IP"},"server":"Apache\/2.4.56 (Debian)","ohrm":{"version":"5.4"}} [] []
[2023-06-11T21:41:03.322249+00:00] installer.INFO: Matched route "{route}". {"route":"api_installer_database_user","route_parameters":{"_controller":"OrangeHRM\\Installer\\Controller\\Installer\\Api\\InstallationDatabaseUserAPI::handle","_route":"api_installer_database_user"},"request_uri":"http://orangehrm.01.grupodelmutti.com.br/installer/index.php/installer/api/installation/database-user","method":"POST"} []
[2023-06-11T21:41:03.465925+00:00] installer.INFO: Matched route "{route}". {"route":"api_installer_write_config","route_parameters":{"_controller":"OrangeHRM\\Installer\\Controller\\Installer\\Api\\ConfigFileAPI::handle","_route":"api_installer_write_config"},"request_uri":"http://orangehrm.01.grupodelmutti.com.br/installer/index.php/installer/api/installation/config-file","method":"POST"} []
[2023-06-11T21:41:03.475798+00:00] installer.INFO: Instance details: {"os":{"os":"Linux","release_name":"5.15.0-46-generic","version_info":"#49-Ubuntu SMP Thu Aug 4 18:03:25 UTC 2022"},"php":{"version":"8.1.18"},"mysql":{"client_version":"mysqlnd 8.1.18","server_version":"10.11.3-MariaDB-1:10.11.3+maria~ubu2204","conn_type":"mysql.db.grupodelmutti.com.br via TCP\/IP"},"server":"Apache\/2.4.56 (Debian)","ohrm":{"version":"5.4"}} [] []
[2023-06-11T21:41:08.322982+00:00] installer.INFO: Matched route "{route}". {"route":"installer_complete","route_parameters":{"_controller":"OrangeHRM\\Installer\\Controller\\Installer\\InstallerCompleteController::handle","_route":"installer_complete"},"request_uri":"http://orangehrm.01.grupodelmutti.com.br/installer/index.php/installer/complete","method":"GET"} []
[2023-06-11T21:41:08.323967+00:00] installer.INFO: OrangeHRM 5.4 status: true [] []
[2023-06-11T21:41:10.325340+00:00] installer.INFO: Matched route "{route}". {"route":"installer_home","route_parameters":{"_controller":"OrangeHRM\\Installer\\Controller\\HomeController::handle","_route":"installer_home"},"request_uri":"http://orangehrm.01.grupodelmutti.com.br/installer/index.php/","method":"GET"} []
